c:\users\paweł\desktop\opengl_kurs\app\template1\template1\debug\template1.pch
c:\users\paweł\desktop\opengl_kurs\app\template1\template1\debug\vc140.pdb
c:\users\paweł\desktop\opengl_kurs\app\template1\template1\debug\vc140.idb
c:\users\paweł\desktop\opengl_kurs\app\template1\template1\debug\stdafx.obj
c:\users\paweł\desktop\opengl_kurs\app\template1\template1\debug\template1.obj
c:\users\paweł\desktop\opengl_kurs\app\template1\debug\template1.ilk
c:\users\paweł\desktop\opengl_kurs\app\template1\debug\template1.exe
c:\users\paweł\desktop\opengl_kurs\app\template1\debug\template1.pdb
d:\praca\dydaktyka\matematyczne metody w grafice komputerowej\opengl_kurs\app\template1\template1\debug\stdafx.obj
d:\praca\dydaktyka\matematyczne metody w grafice komputerowej\opengl_kurs\app\template1\template1\debug\template1.obj
d:\praca\dydaktyka\matematyczne metody w grafice komputerowej\opengl_kurs\app\template1\template1\debug\template1.pch
d:\praca\dydaktyka\matematyczne metody w grafice komputerowej\opengl_kurs\app\template1\template1\debug\vc140.idb
d:\praca\dydaktyka\matematyczne metody w grafice komputerowej\opengl_kurs\app\template1\template1\debug\vc140.pdb
d:\praca\dydaktyka\matematyczne metody w grafice komputerowej\opengl_kurs\app\template1\debug\template1.pdb
d:\praca\dydaktyka\matematyczne metody w grafice komputerowej\opengl_kurs\app\template1\debug\template1.exe
d:\praca\dydaktyka\matematyczne metody w grafice komputerowej\opengl_kurs\app\template1\debug\template1.ilk
d:\praca\dydaktyka\matematyczne metody w grafice komputerowej\opengl_kurs\app\template1\template1\debug\template1.tlog\cl.command.1.tlog
d:\praca\dydaktyka\matematyczne metody w grafice komputerowej\opengl_kurs\app\template1\template1\debug\template1.tlog\cl.read.1.tlog
d:\praca\dydaktyka\matematyczne metody w grafice komputerowej\opengl_kurs\app\template1\template1\debug\template1.tlog\cl.write.1.tlog
d:\praca\dydaktyka\matematyczne metody w grafice komputerowej\opengl_kurs\app\template1\template1\debug\template1.tlog\link.command.1.tlog
d:\praca\dydaktyka\matematyczne metody w grafice komputerowej\opengl_kurs\app\template1\template1\debug\template1.tlog\link.read.1.tlog
d:\praca\dydaktyka\matematyczne metody w grafice komputerowej\opengl_kurs\app\template1\template1\debug\template1.tlog\link.write.1.tlog
